
set_mode_wb.elf:     file format elf32-littleriscv


Disassembly of section .text:

10000000 <_ftext>:
10000000:	0b00006f          	j	100000b0 <crt_init>
10000004:	00000013          	nop
10000008:	00000013          	nop
1000000c:	00000013          	nop
10000010:	00000013          	nop
10000014:	00000013          	nop
10000018:	00000013          	nop
1000001c:	00000013          	nop

10000020 <trap_entry>:
10000020:	fe112e23          	sw	ra,-4(sp)
10000024:	fe512c23          	sw	t0,-8(sp)
10000028:	fe612a23          	sw	t1,-12(sp)
1000002c:	fe712823          	sw	t2,-16(sp)
10000030:	fea12623          	sw	a0,-20(sp)
10000034:	feb12423          	sw	a1,-24(sp)
10000038:	fec12223          	sw	a2,-28(sp)
1000003c:	fed12023          	sw	a3,-32(sp)
10000040:	fce12e23          	sw	a4,-36(sp)
10000044:	fcf12c23          	sw	a5,-40(sp)
10000048:	fd012a23          	sw	a6,-44(sp)
1000004c:	fd112823          	sw	a7,-48(sp)
10000050:	fdc12623          	sw	t3,-52(sp)
10000054:	fdd12423          	sw	t4,-56(sp)
10000058:	fde12223          	sw	t5,-60(sp)
1000005c:	fdf12023          	sw	t6,-64(sp)
10000060:	fc010113          	addi	sp,sp,-64
10000064:	128000ef          	jal	1000018c <isr>
10000068:	03c12083          	lw	ra,60(sp)
1000006c:	03812283          	lw	t0,56(sp)
10000070:	03412303          	lw	t1,52(sp)
10000074:	03012383          	lw	t2,48(sp)
10000078:	02c12503          	lw	a0,44(sp)
1000007c:	02812583          	lw	a1,40(sp)
10000080:	02412603          	lw	a2,36(sp)
10000084:	02012683          	lw	a3,32(sp)
10000088:	01c12703          	lw	a4,28(sp)
1000008c:	01812783          	lw	a5,24(sp)
10000090:	01412803          	lw	a6,20(sp)
10000094:	01012883          	lw	a7,16(sp)
10000098:	00c12e03          	lw	t3,12(sp)
1000009c:	00812e83          	lw	t4,8(sp)
100000a0:	00412f03          	lw	t5,4(sp)
100000a4:	00012f83          	lw	t6,0(sp)
100000a8:	04010113          	addi	sp,sp,64
100000ac:	30200073          	mret

100000b0 <crt_init>:
100000b0:	40000113          	li	sp,1024
100000b4:	00000517          	auipc	a0,0x0
100000b8:	f6c50513          	addi	a0,a0,-148 # 10000020 <trap_entry>
100000bc:	30551073          	csrw	mtvec,a0

100000c0 <data_init>:
100000c0:	00000513          	li	a0,0
100000c4:	00000593          	li	a1,0
100000c8:	00001617          	auipc	a2,0x1
100000cc:	13860613          	addi	a2,a2,312 # 10001200 <_erodata>

100000d0 <data_loop>:
100000d0:	00b50c63          	beq	a0,a1,100000e8 <bss_init>
100000d4:	00062683          	lw	a3,0(a2)
100000d8:	00d52023          	sw	a3,0(a0)
100000dc:	00450513          	addi	a0,a0,4
100000e0:	00460613          	addi	a2,a2,4
100000e4:	fedff06f          	j	100000d0 <data_loop>

100000e8 <bss_init>:
100000e8:	00000513          	li	a0,0
100000ec:	00800593          	li	a1,8

100000f0 <bss_loop>:
100000f0:	00b50863          	beq	a0,a1,10000100 <bss_done>
100000f4:	00052023          	sw	zero,0(a0)
100000f8:	00450513          	addi	a0,a0,4
100000fc:	ff5ff06f          	j	100000f0 <bss_loop>

10000100 <bss_done>:
10000100:	00001537          	lui	a0,0x1
10000104:	88050513          	addi	a0,a0,-1920 # 880 <_fstack+0x480>
10000108:	30451073          	csrw	mie,a0
1000010c:	4d1000ef          	jal	10000ddc <main>

10000110 <infinit_loop>:
10000110:	0000006f          	j	10000110 <infinit_loop>

10000114 <flush_cpu_icache>:
10000114:	ff010113          	addi	sp,sp,-16
10000118:	00112623          	sw	ra,12(sp)
1000011c:	00812423          	sw	s0,8(sp)
10000120:	01010413          	addi	s0,sp,16
10000124:	00000013          	nop
10000128:	00c12083          	lw	ra,12(sp)
1000012c:	00812403          	lw	s0,8(sp)
10000130:	01010113          	addi	sp,sp,16
10000134:	00008067          	ret

10000138 <flush_cpu_dcache>:
10000138:	ff010113          	addi	sp,sp,-16
1000013c:	00112623          	sw	ra,12(sp)
10000140:	00812423          	sw	s0,8(sp)
10000144:	01010413          	addi	s0,sp,16
10000148:	00000013          	nop
1000014c:	00c12083          	lw	ra,12(sp)
10000150:	00812403          	lw	s0,8(sp)
10000154:	01010113          	addi	sp,sp,16
10000158:	00008067          	ret

1000015c <irq_setmask>:
1000015c:	fe010113          	addi	sp,sp,-32
10000160:	00112e23          	sw	ra,28(sp)
10000164:	00812c23          	sw	s0,24(sp)
10000168:	02010413          	addi	s0,sp,32
1000016c:	fea42623          	sw	a0,-20(s0)
10000170:	fec42783          	lw	a5,-20(s0)
10000174:	bc079073          	csrw	0xbc0,a5
10000178:	00000013          	nop
1000017c:	01c12083          	lw	ra,28(sp)
10000180:	01812403          	lw	s0,24(sp)
10000184:	02010113          	addi	sp,sp,32
10000188:	00008067          	ret

1000018c <isr>:
1000018c:	ff010113          	addi	sp,sp,-16
10000190:	00112623          	sw	ra,12(sp)
10000194:	00812423          	sw	s0,8(sp)
10000198:	01010413          	addi	s0,sp,16
1000019c:	00000513          	li	a0,0
100001a0:	fbdff0ef          	jal	1000015c <irq_setmask>
100001a4:	f00057b7          	lui	a5,0xf0005
100001a8:	01c78793          	addi	a5,a5,28 # f000501c <_erodata+0xe0003e1c>
100001ac:	0007a023          	sw	zero,0(a5)
100001b0:	f00057b7          	lui	a5,0xf0005
100001b4:	00c78793          	addi	a5,a5,12 # f000500c <_erodata+0xe0003e0c>
100001b8:	00100713          	li	a4,1
100001bc:	00e7a023          	sw	a4,0(a5)
100001c0:	f00057b7          	lui	a5,0xf0005
100001c4:	01078793          	addi	a5,a5,16 # f0005010 <_erodata+0xe0003e10>
100001c8:	0007a783          	lw	a5,0(a5)
100001cc:	00079863          	bnez	a5,100001dc <isr+0x50>
100001d0:	00100713          	li	a4,1
100001d4:	00e01023          	sh	a4,0(zero) # 0 <flag>
100001d8:	0180006f          	j	100001f0 <isr+0x64>
100001dc:	f00057b7          	lui	a5,0xf0005
100001e0:	01c78793          	addi	a5,a5,28 # f000501c <_erodata+0xe0003e1c>
100001e4:	00100713          	li	a4,1
100001e8:	00e7a023          	sw	a4,0(a5)
100001ec:	00000013          	nop
100001f0:	00c12083          	lw	ra,12(sp)
100001f4:	00812403          	lw	s0,8(sp)
100001f8:	01010113          	addi	sp,sp,16
100001fc:	00008067          	ret

10000200 <flush_cpu_icache>:
10000200:	ff010113          	addi	sp,sp,-16
10000204:	00112623          	sw	ra,12(sp)
10000208:	00812423          	sw	s0,8(sp)
1000020c:	01010413          	addi	s0,sp,16
10000210:	00000013          	nop
10000214:	00c12083          	lw	ra,12(sp)
10000218:	00812403          	lw	s0,8(sp)
1000021c:	01010113          	addi	sp,sp,16
10000220:	00008067          	ret

10000224 <flush_cpu_dcache>:
10000224:	ff010113          	addi	sp,sp,-16
10000228:	00112623          	sw	ra,12(sp)
1000022c:	00812423          	sw	s0,8(sp)
10000230:	01010413          	addi	s0,sp,16
10000234:	00000013          	nop
10000238:	00c12083          	lw	ra,12(sp)
1000023c:	00812403          	lw	s0,8(sp)
10000240:	01010113          	addi	sp,sp,16
10000244:	00008067          	ret

10000248 <putchar>:
10000248:	fe010113          	addi	sp,sp,-32
1000024c:	00112e23          	sw	ra,28(sp)
10000250:	00812c23          	sw	s0,24(sp)
10000254:	02010413          	addi	s0,sp,32
10000258:	00050793          	mv	a5,a0
1000025c:	fef407a3          	sb	a5,-17(s0)
10000260:	fef44703          	lbu	a4,-17(s0)
10000264:	00a00793          	li	a5,10
10000268:	00f71663          	bne	a4,a5,10000274 <putchar+0x2c>
1000026c:	00d00513          	li	a0,13
10000270:	fd9ff0ef          	jal	10000248 <putchar>
10000274:	00000013          	nop
10000278:	f00067b7          	lui	a5,0xf0006
1000027c:	80478793          	addi	a5,a5,-2044 # f0005804 <_erodata+0xe0004604>
10000280:	0007a703          	lw	a4,0(a5)
10000284:	00100793          	li	a5,1
10000288:	fef708e3          	beq	a4,a5,10000278 <putchar+0x30>
1000028c:	f00067b7          	lui	a5,0xf0006
10000290:	80078793          	addi	a5,a5,-2048 # f0005800 <_erodata+0xe0004600>
10000294:	fef44703          	lbu	a4,-17(s0)
10000298:	00e7a023          	sw	a4,0(a5)
1000029c:	00000013          	nop
100002a0:	01c12083          	lw	ra,28(sp)
100002a4:	01812403          	lw	s0,24(sp)
100002a8:	02010113          	addi	sp,sp,32
100002ac:	00008067          	ret

100002b0 <print>:
100002b0:	fe010113          	addi	sp,sp,-32
100002b4:	00112e23          	sw	ra,28(sp)
100002b8:	00812c23          	sw	s0,24(sp)
100002bc:	02010413          	addi	s0,sp,32
100002c0:	fea42623          	sw	a0,-20(s0)
100002c4:	01c0006f          	j	100002e0 <print+0x30>
100002c8:	fec42783          	lw	a5,-20(s0)
100002cc:	00178713          	addi	a4,a5,1
100002d0:	fee42623          	sw	a4,-20(s0)
100002d4:	0007c783          	lbu	a5,0(a5)
100002d8:	00078513          	mv	a0,a5
100002dc:	f6dff0ef          	jal	10000248 <putchar>
100002e0:	fec42783          	lw	a5,-20(s0)
100002e4:	0007c783          	lbu	a5,0(a5)
100002e8:	fe0790e3          	bnez	a5,100002c8 <print+0x18>
100002ec:	00000013          	nop
100002f0:	00000013          	nop
100002f4:	01c12083          	lw	ra,28(sp)
100002f8:	01812403          	lw	s0,24(sp)
100002fc:	02010113          	addi	sp,sp,32
10000300:	00008067          	ret

10000304 <print_hex>:
10000304:	fd010113          	addi	sp,sp,-48
10000308:	02112623          	sw	ra,44(sp)
1000030c:	02812423          	sw	s0,40(sp)
10000310:	03010413          	addi	s0,sp,48
10000314:	fca42e23          	sw	a0,-36(s0)
10000318:	fcb42c23          	sw	a1,-40(s0)
1000031c:	fd842783          	lw	a5,-40(s0)
10000320:	fff78793          	addi	a5,a5,-1
10000324:	fef42623          	sw	a5,-20(s0)
10000328:	0440006f          	j	1000036c <print_hex+0x68>
1000032c:	fec42783          	lw	a5,-20(s0)
10000330:	00279793          	slli	a5,a5,0x2
10000334:	fdc42703          	lw	a4,-36(s0)
10000338:	00f757b3          	srl	a5,a4,a5
1000033c:	00f7f793          	andi	a5,a5,15
10000340:	10001737          	lui	a4,0x10001
10000344:	00070713          	mv	a4,a4
10000348:	00f707b3          	add	a5,a4,a5
1000034c:	0007c783          	lbu	a5,0(a5)
10000350:	fef405a3          	sb	a5,-21(s0)
10000354:	feb44783          	lbu	a5,-21(s0)
10000358:	00078513          	mv	a0,a5
1000035c:	eedff0ef          	jal	10000248 <putchar>
10000360:	fec42783          	lw	a5,-20(s0)
10000364:	fff78793          	addi	a5,a5,-1
10000368:	fef42623          	sw	a5,-20(s0)
1000036c:	fec42783          	lw	a5,-20(s0)
10000370:	fa07dee3          	bgez	a5,1000032c <print_hex+0x28>
10000374:	00000013          	nop
10000378:	00000013          	nop
1000037c:	02c12083          	lw	ra,44(sp)
10000380:	02812403          	lw	s0,40(sp)
10000384:	03010113          	addi	sp,sp,48
10000388:	00008067          	ret

1000038c <print_dec>:
1000038c:	fe010113          	addi	sp,sp,-32
10000390:	00112e23          	sw	ra,28(sp)
10000394:	00812c23          	sw	s0,24(sp)
10000398:	02010413          	addi	s0,sp,32
1000039c:	fea42623          	sw	a0,-20(s0)
100003a0:	fec42703          	lw	a4,-20(s0)
100003a4:	7cf00793          	li	a5,1999
100003a8:	00e7fa63          	bgeu	a5,a4,100003bc <print_dec+0x30>
100003ac:	100017b7          	lui	a5,0x10001
100003b0:	01478513          	addi	a0,a5,20 # 10001014 <_etext+0x14>
100003b4:	efdff0ef          	jal	100002b0 <print>
100003b8:	4100006f          	j	100007c8 <print_dec+0x43c>
100003bc:	fec42703          	lw	a4,-20(s0)
100003c0:	3e700793          	li	a5,999
100003c4:	00e7fe63          	bgeu	a5,a4,100003e0 <print_dec+0x54>
100003c8:	03100513          	li	a0,49
100003cc:	e7dff0ef          	jal	10000248 <putchar>
100003d0:	fec42783          	lw	a5,-20(s0)
100003d4:	c1878793          	addi	a5,a5,-1000
100003d8:	fef42623          	sw	a5,-20(s0)
100003dc:	00c0006f          	j	100003e8 <print_dec+0x5c>
100003e0:	02000513          	li	a0,32
100003e4:	e65ff0ef          	jal	10000248 <putchar>
100003e8:	fec42703          	lw	a4,-20(s0)
100003ec:	38300793          	li	a5,899
100003f0:	00e7fe63          	bgeu	a5,a4,1000040c <print_dec+0x80>
100003f4:	03900513          	li	a0,57
100003f8:	e51ff0ef          	jal	10000248 <putchar>
100003fc:	fec42783          	lw	a5,-20(s0)
10000400:	c7c78793          	addi	a5,a5,-900
10000404:	fef42623          	sw	a5,-20(s0)
10000408:	12c0006f          	j	10000534 <print_dec+0x1a8>
1000040c:	fec42703          	lw	a4,-20(s0)
10000410:	31f00793          	li	a5,799
10000414:	00e7fe63          	bgeu	a5,a4,10000430 <print_dec+0xa4>
10000418:	03800513          	li	a0,56
1000041c:	e2dff0ef          	jal	10000248 <putchar>
10000420:	fec42783          	lw	a5,-20(s0)
10000424:	ce078793          	addi	a5,a5,-800
10000428:	fef42623          	sw	a5,-20(s0)
1000042c:	1080006f          	j	10000534 <print_dec+0x1a8>
10000430:	fec42703          	lw	a4,-20(s0)
10000434:	2bb00793          	li	a5,699
10000438:	00e7fe63          	bgeu	a5,a4,10000454 <print_dec+0xc8>
1000043c:	03700513          	li	a0,55
10000440:	e09ff0ef          	jal	10000248 <putchar>
10000444:	fec42783          	lw	a5,-20(s0)
10000448:	d4478793          	addi	a5,a5,-700
1000044c:	fef42623          	sw	a5,-20(s0)
10000450:	0e40006f          	j	10000534 <print_dec+0x1a8>
10000454:	fec42703          	lw	a4,-20(s0)
10000458:	25700793          	li	a5,599
1000045c:	00e7fe63          	bgeu	a5,a4,10000478 <print_dec+0xec>
10000460:	03600513          	li	a0,54
10000464:	de5ff0ef          	jal	10000248 <putchar>
10000468:	fec42783          	lw	a5,-20(s0)
1000046c:	da878793          	addi	a5,a5,-600
10000470:	fef42623          	sw	a5,-20(s0)
10000474:	0c00006f          	j	10000534 <print_dec+0x1a8>
10000478:	fec42703          	lw	a4,-20(s0)
1000047c:	1f300793          	li	a5,499
10000480:	00e7fe63          	bgeu	a5,a4,1000049c <print_dec+0x110>
10000484:	03500513          	li	a0,53
10000488:	dc1ff0ef          	jal	10000248 <putchar>
1000048c:	fec42783          	lw	a5,-20(s0)
10000490:	e0c78793          	addi	a5,a5,-500
10000494:	fef42623          	sw	a5,-20(s0)
10000498:	09c0006f          	j	10000534 <print_dec+0x1a8>
1000049c:	fec42703          	lw	a4,-20(s0)
100004a0:	18f00793          	li	a5,399
100004a4:	00e7fe63          	bgeu	a5,a4,100004c0 <print_dec+0x134>
100004a8:	03400513          	li	a0,52
100004ac:	d9dff0ef          	jal	10000248 <putchar>
100004b0:	fec42783          	lw	a5,-20(s0)
100004b4:	e7078793          	addi	a5,a5,-400
100004b8:	fef42623          	sw	a5,-20(s0)
100004bc:	0780006f          	j	10000534 <print_dec+0x1a8>
100004c0:	fec42703          	lw	a4,-20(s0)
100004c4:	12b00793          	li	a5,299
100004c8:	00e7fe63          	bgeu	a5,a4,100004e4 <print_dec+0x158>
100004cc:	03300513          	li	a0,51
100004d0:	d79ff0ef          	jal	10000248 <putchar>
100004d4:	fec42783          	lw	a5,-20(s0)
100004d8:	ed478793          	addi	a5,a5,-300
100004dc:	fef42623          	sw	a5,-20(s0)
100004e0:	0540006f          	j	10000534 <print_dec+0x1a8>
100004e4:	fec42703          	lw	a4,-20(s0)
100004e8:	0c700793          	li	a5,199
100004ec:	00e7fe63          	bgeu	a5,a4,10000508 <print_dec+0x17c>
100004f0:	03200513          	li	a0,50
100004f4:	d55ff0ef          	jal	10000248 <putchar>
100004f8:	fec42783          	lw	a5,-20(s0)
100004fc:	f3878793          	addi	a5,a5,-200
10000500:	fef42623          	sw	a5,-20(s0)
10000504:	0300006f          	j	10000534 <print_dec+0x1a8>
10000508:	fec42703          	lw	a4,-20(s0)
1000050c:	06300793          	li	a5,99
10000510:	00e7fe63          	bgeu	a5,a4,1000052c <print_dec+0x1a0>
10000514:	03100513          	li	a0,49
10000518:	d31ff0ef          	jal	10000248 <putchar>
1000051c:	fec42783          	lw	a5,-20(s0)
10000520:	f9c78793          	addi	a5,a5,-100
10000524:	fef42623          	sw	a5,-20(s0)
10000528:	00c0006f          	j	10000534 <print_dec+0x1a8>
1000052c:	03000513          	li	a0,48
10000530:	d19ff0ef          	jal	10000248 <putchar>
10000534:	fec42703          	lw	a4,-20(s0)
10000538:	05900793          	li	a5,89
1000053c:	00e7fe63          	bgeu	a5,a4,10000558 <print_dec+0x1cc>
10000540:	03900513          	li	a0,57
10000544:	d05ff0ef          	jal	10000248 <putchar>
10000548:	fec42783          	lw	a5,-20(s0)
1000054c:	fa678793          	addi	a5,a5,-90
10000550:	fef42623          	sw	a5,-20(s0)
10000554:	12c0006f          	j	10000680 <print_dec+0x2f4>
10000558:	fec42703          	lw	a4,-20(s0)
1000055c:	04f00793          	li	a5,79
10000560:	00e7fe63          	bgeu	a5,a4,1000057c <print_dec+0x1f0>
10000564:	03800513          	li	a0,56
10000568:	ce1ff0ef          	jal	10000248 <putchar>
1000056c:	fec42783          	lw	a5,-20(s0)
10000570:	fb078793          	addi	a5,a5,-80
10000574:	fef42623          	sw	a5,-20(s0)
10000578:	1080006f          	j	10000680 <print_dec+0x2f4>
1000057c:	fec42703          	lw	a4,-20(s0)
10000580:	04500793          	li	a5,69
10000584:	00e7fe63          	bgeu	a5,a4,100005a0 <print_dec+0x214>
10000588:	03700513          	li	a0,55
1000058c:	cbdff0ef          	jal	10000248 <putchar>
10000590:	fec42783          	lw	a5,-20(s0)
10000594:	fba78793          	addi	a5,a5,-70
10000598:	fef42623          	sw	a5,-20(s0)
1000059c:	0e40006f          	j	10000680 <print_dec+0x2f4>
100005a0:	fec42703          	lw	a4,-20(s0)
100005a4:	03b00793          	li	a5,59
100005a8:	00e7fe63          	bgeu	a5,a4,100005c4 <print_dec+0x238>
100005ac:	03600513          	li	a0,54
100005b0:	c99ff0ef          	jal	10000248 <putchar>
100005b4:	fec42783          	lw	a5,-20(s0)
100005b8:	fc478793          	addi	a5,a5,-60
100005bc:	fef42623          	sw	a5,-20(s0)
100005c0:	0c00006f          	j	10000680 <print_dec+0x2f4>
100005c4:	fec42703          	lw	a4,-20(s0)
100005c8:	03100793          	li	a5,49
100005cc:	00e7fe63          	bgeu	a5,a4,100005e8 <print_dec+0x25c>
100005d0:	03500513          	li	a0,53
100005d4:	c75ff0ef          	jal	10000248 <putchar>
100005d8:	fec42783          	lw	a5,-20(s0)
100005dc:	fce78793          	addi	a5,a5,-50
100005e0:	fef42623          	sw	a5,-20(s0)
100005e4:	09c0006f          	j	10000680 <print_dec+0x2f4>
100005e8:	fec42703          	lw	a4,-20(s0)
100005ec:	02700793          	li	a5,39
100005f0:	00e7fe63          	bgeu	a5,a4,1000060c <print_dec+0x280>
100005f4:	03400513          	li	a0,52
100005f8:	c51ff0ef          	jal	10000248 <putchar>
100005fc:	fec42783          	lw	a5,-20(s0)
10000600:	fd878793          	addi	a5,a5,-40
10000604:	fef42623          	sw	a5,-20(s0)
10000608:	0780006f          	j	10000680 <print_dec+0x2f4>
1000060c:	fec42703          	lw	a4,-20(s0)
10000610:	01d00793          	li	a5,29
10000614:	00e7fe63          	bgeu	a5,a4,10000630 <print_dec+0x2a4>
10000618:	03300513          	li	a0,51
1000061c:	c2dff0ef          	jal	10000248 <putchar>
10000620:	fec42783          	lw	a5,-20(s0)
10000624:	fe278793          	addi	a5,a5,-30
10000628:	fef42623          	sw	a5,-20(s0)
1000062c:	0540006f          	j	10000680 <print_dec+0x2f4>
10000630:	fec42703          	lw	a4,-20(s0)
10000634:	01300793          	li	a5,19
10000638:	00e7fe63          	bgeu	a5,a4,10000654 <print_dec+0x2c8>
1000063c:	03200513          	li	a0,50
10000640:	c09ff0ef          	jal	10000248 <putchar>
10000644:	fec42783          	lw	a5,-20(s0)
10000648:	fec78793          	addi	a5,a5,-20
1000064c:	fef42623          	sw	a5,-20(s0)
10000650:	0300006f          	j	10000680 <print_dec+0x2f4>
10000654:	fec42703          	lw	a4,-20(s0)
10000658:	00900793          	li	a5,9
1000065c:	00e7fe63          	bgeu	a5,a4,10000678 <print_dec+0x2ec>
10000660:	03100513          	li	a0,49
10000664:	be5ff0ef          	jal	10000248 <putchar>
10000668:	fec42783          	lw	a5,-20(s0)
1000066c:	ff678793          	addi	a5,a5,-10
10000670:	fef42623          	sw	a5,-20(s0)
10000674:	00c0006f          	j	10000680 <print_dec+0x2f4>
10000678:	03000513          	li	a0,48
1000067c:	bcdff0ef          	jal	10000248 <putchar>
10000680:	fec42703          	lw	a4,-20(s0)
10000684:	00800793          	li	a5,8
10000688:	00e7fe63          	bgeu	a5,a4,100006a4 <print_dec+0x318>
1000068c:	03900513          	li	a0,57
10000690:	bb9ff0ef          	jal	10000248 <putchar>
10000694:	fec42783          	lw	a5,-20(s0)
10000698:	ff778793          	addi	a5,a5,-9
1000069c:	fef42623          	sw	a5,-20(s0)
100006a0:	1280006f          	j	100007c8 <print_dec+0x43c>
100006a4:	fec42703          	lw	a4,-20(s0)
100006a8:	00700793          	li	a5,7
100006ac:	00e7fe63          	bgeu	a5,a4,100006c8 <print_dec+0x33c>
100006b0:	03800513          	li	a0,56
100006b4:	b95ff0ef          	jal	10000248 <putchar>
100006b8:	fec42783          	lw	a5,-20(s0)
100006bc:	ff878793          	addi	a5,a5,-8
100006c0:	fef42623          	sw	a5,-20(s0)
100006c4:	1040006f          	j	100007c8 <print_dec+0x43c>
100006c8:	fec42703          	lw	a4,-20(s0)
100006cc:	00600793          	li	a5,6
100006d0:	00e7fe63          	bgeu	a5,a4,100006ec <print_dec+0x360>
100006d4:	03700513          	li	a0,55
100006d8:	b71ff0ef          	jal	10000248 <putchar>
100006dc:	fec42783          	lw	a5,-20(s0)
100006e0:	ff978793          	addi	a5,a5,-7
100006e4:	fef42623          	sw	a5,-20(s0)
100006e8:	0e00006f          	j	100007c8 <print_dec+0x43c>
100006ec:	fec42703          	lw	a4,-20(s0)
100006f0:	00500793          	li	a5,5
100006f4:	00e7fe63          	bgeu	a5,a4,10000710 <print_dec+0x384>
100006f8:	03600513          	li	a0,54
100006fc:	b4dff0ef          	jal	10000248 <putchar>
10000700:	fec42783          	lw	a5,-20(s0)
10000704:	ffa78793          	addi	a5,a5,-6
10000708:	fef42623          	sw	a5,-20(s0)
1000070c:	0bc0006f          	j	100007c8 <print_dec+0x43c>
10000710:	fec42703          	lw	a4,-20(s0)
10000714:	00400793          	li	a5,4
10000718:	00e7fe63          	bgeu	a5,a4,10000734 <print_dec+0x3a8>
1000071c:	03500513          	li	a0,53
10000720:	b29ff0ef          	jal	10000248 <putchar>
10000724:	fec42783          	lw	a5,-20(s0)
10000728:	ffb78793          	addi	a5,a5,-5
1000072c:	fef42623          	sw	a5,-20(s0)
10000730:	0980006f          	j	100007c8 <print_dec+0x43c>
10000734:	fec42703          	lw	a4,-20(s0)
10000738:	00300793          	li	a5,3
1000073c:	00e7fe63          	bgeu	a5,a4,10000758 <print_dec+0x3cc>
10000740:	03400513          	li	a0,52
10000744:	b05ff0ef          	jal	10000248 <putchar>
10000748:	fec42783          	lw	a5,-20(s0)
1000074c:	ffc78793          	addi	a5,a5,-4
10000750:	fef42623          	sw	a5,-20(s0)
10000754:	0740006f          	j	100007c8 <print_dec+0x43c>
10000758:	fec42703          	lw	a4,-20(s0)
1000075c:	00200793          	li	a5,2
10000760:	00e7fe63          	bgeu	a5,a4,1000077c <print_dec+0x3f0>
10000764:	03300513          	li	a0,51
10000768:	ae1ff0ef          	jal	10000248 <putchar>
1000076c:	fec42783          	lw	a5,-20(s0)
10000770:	ffd78793          	addi	a5,a5,-3
10000774:	fef42623          	sw	a5,-20(s0)
10000778:	0500006f          	j	100007c8 <print_dec+0x43c>
1000077c:	fec42703          	lw	a4,-20(s0)
10000780:	00100793          	li	a5,1
10000784:	00e7fe63          	bgeu	a5,a4,100007a0 <print_dec+0x414>
10000788:	03200513          	li	a0,50
1000078c:	abdff0ef          	jal	10000248 <putchar>
10000790:	fec42783          	lw	a5,-20(s0)
10000794:	ffe78793          	addi	a5,a5,-2
10000798:	fef42623          	sw	a5,-20(s0)
1000079c:	02c0006f          	j	100007c8 <print_dec+0x43c>
100007a0:	fec42783          	lw	a5,-20(s0)
100007a4:	00078e63          	beqz	a5,100007c0 <print_dec+0x434>
100007a8:	03100513          	li	a0,49
100007ac:	a9dff0ef          	jal	10000248 <putchar>
100007b0:	fec42783          	lw	a5,-20(s0)
100007b4:	fff78793          	addi	a5,a5,-1
100007b8:	fef42623          	sw	a5,-20(s0)
100007bc:	00c0006f          	j	100007c8 <print_dec+0x43c>
100007c0:	03000513          	li	a0,48
100007c4:	a85ff0ef          	jal	10000248 <putchar>
100007c8:	01c12083          	lw	ra,28(sp)
100007cc:	01812403          	lw	s0,24(sp)
100007d0:	02010113          	addi	sp,sp,32
100007d4:	00008067          	ret

100007d8 <print_digit>:
100007d8:	fe010113          	addi	sp,sp,-32
100007dc:	00112e23          	sw	ra,28(sp)
100007e0:	00812c23          	sw	s0,24(sp)
100007e4:	02010413          	addi	s0,sp,32
100007e8:	fea42623          	sw	a0,-20(s0)
100007ec:	fec42783          	lw	a5,-20(s0)
100007f0:	00f7f793          	andi	a5,a5,15
100007f4:	fef42623          	sw	a5,-20(s0)
100007f8:	fec42703          	lw	a4,-20(s0)
100007fc:	00900793          	li	a5,9
10000800:	00f71863          	bne	a4,a5,10000810 <print_digit+0x38>
10000804:	03900513          	li	a0,57
10000808:	a41ff0ef          	jal	10000248 <putchar>
1000080c:	1700006f          	j	1000097c <print_digit+0x1a4>
10000810:	fec42703          	lw	a4,-20(s0)
10000814:	00800793          	li	a5,8
10000818:	00f71863          	bne	a4,a5,10000828 <print_digit+0x50>
1000081c:	03800513          	li	a0,56
10000820:	a29ff0ef          	jal	10000248 <putchar>
10000824:	1580006f          	j	1000097c <print_digit+0x1a4>
10000828:	fec42703          	lw	a4,-20(s0)
1000082c:	00700793          	li	a5,7
10000830:	00f71863          	bne	a4,a5,10000840 <print_digit+0x68>
10000834:	03700513          	li	a0,55
10000838:	a11ff0ef          	jal	10000248 <putchar>
1000083c:	1400006f          	j	1000097c <print_digit+0x1a4>
10000840:	fec42703          	lw	a4,-20(s0)
10000844:	00600793          	li	a5,6
10000848:	00f71863          	bne	a4,a5,10000858 <print_digit+0x80>
1000084c:	03600513          	li	a0,54
10000850:	9f9ff0ef          	jal	10000248 <putchar>
10000854:	1280006f          	j	1000097c <print_digit+0x1a4>
10000858:	fec42703          	lw	a4,-20(s0)
1000085c:	00500793          	li	a5,5
10000860:	00f71863          	bne	a4,a5,10000870 <print_digit+0x98>
10000864:	03500513          	li	a0,53
10000868:	9e1ff0ef          	jal	10000248 <putchar>
1000086c:	1100006f          	j	1000097c <print_digit+0x1a4>
10000870:	fec42703          	lw	a4,-20(s0)
10000874:	00400793          	li	a5,4
10000878:	00f71863          	bne	a4,a5,10000888 <print_digit+0xb0>
1000087c:	03400513          	li	a0,52
10000880:	9c9ff0ef          	jal	10000248 <putchar>
10000884:	0f80006f          	j	1000097c <print_digit+0x1a4>
10000888:	fec42703          	lw	a4,-20(s0)
1000088c:	00300793          	li	a5,3
10000890:	00f71863          	bne	a4,a5,100008a0 <print_digit+0xc8>
10000894:	03300513          	li	a0,51
10000898:	9b1ff0ef          	jal	10000248 <putchar>
1000089c:	0e00006f          	j	1000097c <print_digit+0x1a4>
100008a0:	fec42703          	lw	a4,-20(s0)
100008a4:	00200793          	li	a5,2
100008a8:	00f71863          	bne	a4,a5,100008b8 <print_digit+0xe0>
100008ac:	03200513          	li	a0,50
100008b0:	999ff0ef          	jal	10000248 <putchar>
100008b4:	0c80006f          	j	1000097c <print_digit+0x1a4>
100008b8:	fec42703          	lw	a4,-20(s0)
100008bc:	00100793          	li	a5,1
100008c0:	00f71863          	bne	a4,a5,100008d0 <print_digit+0xf8>
100008c4:	03100513          	li	a0,49
100008c8:	981ff0ef          	jal	10000248 <putchar>
100008cc:	0b00006f          	j	1000097c <print_digit+0x1a4>
100008d0:	fec42783          	lw	a5,-20(s0)
100008d4:	00079863          	bnez	a5,100008e4 <print_digit+0x10c>
100008d8:	03000513          	li	a0,48
100008dc:	96dff0ef          	jal	10000248 <putchar>
100008e0:	09c0006f          	j	1000097c <print_digit+0x1a4>
100008e4:	fec42703          	lw	a4,-20(s0)
100008e8:	00a00793          	li	a5,10
100008ec:	00f71863          	bne	a4,a5,100008fc <print_digit+0x124>
100008f0:	06100513          	li	a0,97
100008f4:	955ff0ef          	jal	10000248 <putchar>
100008f8:	0840006f          	j	1000097c <print_digit+0x1a4>
100008fc:	fec42703          	lw	a4,-20(s0)
10000900:	00b00793          	li	a5,11
10000904:	00f71863          	bne	a4,a5,10000914 <print_digit+0x13c>
10000908:	06200513          	li	a0,98
1000090c:	93dff0ef          	jal	10000248 <putchar>
10000910:	06c0006f          	j	1000097c <print_digit+0x1a4>
10000914:	fec42703          	lw	a4,-20(s0)
10000918:	00c00793          	li	a5,12
1000091c:	00f71863          	bne	a4,a5,1000092c <print_digit+0x154>
10000920:	06300513          	li	a0,99
10000924:	925ff0ef          	jal	10000248 <putchar>
10000928:	0540006f          	j	1000097c <print_digit+0x1a4>
1000092c:	fec42703          	lw	a4,-20(s0)
10000930:	00d00793          	li	a5,13
10000934:	00f71863          	bne	a4,a5,10000944 <print_digit+0x16c>
10000938:	06400513          	li	a0,100
1000093c:	90dff0ef          	jal	10000248 <putchar>
10000940:	03c0006f          	j	1000097c <print_digit+0x1a4>
10000944:	fec42703          	lw	a4,-20(s0)
10000948:	00e00793          	li	a5,14
1000094c:	00f71863          	bne	a4,a5,1000095c <print_digit+0x184>
10000950:	06500513          	li	a0,101
10000954:	8f5ff0ef          	jal	10000248 <putchar>
10000958:	0240006f          	j	1000097c <print_digit+0x1a4>
1000095c:	fec42703          	lw	a4,-20(s0)
10000960:	00f00793          	li	a5,15
10000964:	00f71863          	bne	a4,a5,10000974 <print_digit+0x19c>
10000968:	06600513          	li	a0,102
1000096c:	8ddff0ef          	jal	10000248 <putchar>
10000970:	00c0006f          	j	1000097c <print_digit+0x1a4>
10000974:	02a00513          	li	a0,42
10000978:	8d1ff0ef          	jal	10000248 <putchar>
1000097c:	00000013          	nop
10000980:	01c12083          	lw	ra,28(sp)
10000984:	01812403          	lw	s0,24(sp)
10000988:	02010113          	addi	sp,sp,32
1000098c:	00008067          	ret

10000990 <flush_cpu_icache>:
10000990:	ff010113          	addi	sp,sp,-16
10000994:	00112623          	sw	ra,12(sp)
10000998:	00812423          	sw	s0,8(sp)
1000099c:	01010413          	addi	s0,sp,16
100009a0:	00000013          	nop
100009a4:	00c12083          	lw	ra,12(sp)
100009a8:	00812403          	lw	s0,8(sp)
100009ac:	01010113          	addi	sp,sp,16
100009b0:	00008067          	ret

100009b4 <flush_cpu_dcache>:
100009b4:	ff010113          	addi	sp,sp,-16
100009b8:	00112623          	sw	ra,12(sp)
100009bc:	00812423          	sw	s0,8(sp)
100009c0:	01010413          	addi	s0,sp,16
100009c4:	00000013          	nop
100009c8:	00c12083          	lw	ra,12(sp)
100009cc:	00812403          	lw	s0,8(sp)
100009d0:	01010113          	addi	sp,sp,16
100009d4:	00008067          	ret

100009d8 <wait_cycles>:
100009d8:	fd010113          	addi	sp,sp,-48
100009dc:	02112623          	sw	ra,44(sp)
100009e0:	02812423          	sw	s0,40(sp)
100009e4:	03010413          	addi	s0,sp,48
100009e8:	fca42e23          	sw	a0,-36(s0)
100009ec:	fe042623          	sw	zero,-20(s0)
100009f0:	0140006f          	j	10000a04 <wait_cycles+0x2c>
100009f4:	00000013          	nop
100009f8:	fec42783          	lw	a5,-20(s0)
100009fc:	00178793          	addi	a5,a5,1
10000a00:	fef42623          	sw	a5,-20(s0)
10000a04:	fec42783          	lw	a5,-20(s0)
10000a08:	fdc42703          	lw	a4,-36(s0)
10000a0c:	fee7e4e3          	bltu	a5,a4,100009f4 <wait_cycles+0x1c>
10000a10:	00000013          	nop
10000a14:	00000013          	nop
10000a18:	02c12083          	lw	ra,44(sp)
10000a1c:	02812403          	lw	s0,40(sp)
10000a20:	03010113          	addi	sp,sp,48
10000a24:	00008067          	ret

10000a28 <print_hex32_local>:
10000a28:	fb010113          	addi	sp,sp,-80
10000a2c:	04112623          	sw	ra,76(sp)
10000a30:	04812423          	sw	s0,72(sp)
10000a34:	05010413          	addi	s0,sp,80
10000a38:	faa42e23          	sw	a0,-68(s0)
10000a3c:	100017b7          	lui	a5,0x10001
10000a40:	01c78793          	addi	a5,a5,28 # 1000101c <_etext+0x1c>
10000a44:	0007a583          	lw	a1,0(a5)
10000a48:	0047a603          	lw	a2,4(a5)
10000a4c:	0087a683          	lw	a3,8(a5)
10000a50:	00c7a703          	lw	a4,12(a5)
10000a54:	fcb42c23          	sw	a1,-40(s0)
10000a58:	fcc42e23          	sw	a2,-36(s0)
10000a5c:	fed42023          	sw	a3,-32(s0)
10000a60:	fee42223          	sw	a4,-28(s0)
10000a64:	0107c783          	lbu	a5,16(a5)
10000a68:	fef40423          	sb	a5,-24(s0)
10000a6c:	03000793          	li	a5,48
10000a70:	fcf40623          	sb	a5,-52(s0)
10000a74:	07800793          	li	a5,120
10000a78:	fcf406a3          	sb	a5,-51(s0)
10000a7c:	fe042623          	sw	zero,-20(s0)
10000a80:	04c0006f          	j	10000acc <print_hex32_local+0xa4>
10000a84:	00700713          	li	a4,7
10000a88:	fec42783          	lw	a5,-20(s0)
10000a8c:	40f707b3          	sub	a5,a4,a5
10000a90:	00279793          	slli	a5,a5,0x2
10000a94:	fbc42703          	lw	a4,-68(s0)
10000a98:	00f757b3          	srl	a5,a4,a5
10000a9c:	00f7f713          	andi	a4,a5,15
10000aa0:	fec42783          	lw	a5,-20(s0)
10000aa4:	00278793          	addi	a5,a5,2
10000aa8:	ff070713          	addi	a4,a4,-16 # 10000ff0 <main+0x214>
10000aac:	00870733          	add	a4,a4,s0
10000ab0:	fe874703          	lbu	a4,-24(a4)
10000ab4:	ff078793          	addi	a5,a5,-16
10000ab8:	008787b3          	add	a5,a5,s0
10000abc:	fce78e23          	sb	a4,-36(a5)
10000ac0:	fec42783          	lw	a5,-20(s0)
10000ac4:	00178793          	addi	a5,a5,1
10000ac8:	fef42623          	sw	a5,-20(s0)
10000acc:	fec42703          	lw	a4,-20(s0)
10000ad0:	00700793          	li	a5,7
10000ad4:	fae7d8e3          	bge	a5,a4,10000a84 <print_hex32_local+0x5c>
10000ad8:	fc040b23          	sb	zero,-42(s0)
10000adc:	fcc40793          	addi	a5,s0,-52
10000ae0:	00078513          	mv	a0,a5
10000ae4:	fccff0ef          	jal	100002b0 <print>
10000ae8:	00000013          	nop
10000aec:	04c12083          	lw	ra,76(sp)
10000af0:	04812403          	lw	s0,72(sp)
10000af4:	05010113          	addi	sp,sp,80
10000af8:	00008067          	ret

10000afc <read_wishbone>:
10000afc:	fe010113          	addi	sp,sp,-32
10000b00:	00112e23          	sw	ra,28(sp)
10000b04:	00812c23          	sw	s0,24(sp)
10000b08:	02010413          	addi	s0,sp,32
10000b0c:	fea42623          	sw	a0,-20(s0)
10000b10:	fec42783          	lw	a5,-20(s0)
10000b14:	0007a783          	lw	a5,0(a5)
10000b18:	00078513          	mv	a0,a5
10000b1c:	01c12083          	lw	ra,28(sp)
10000b20:	01812403          	lw	s0,24(sp)
10000b24:	02010113          	addi	sp,sp,32
10000b28:	00008067          	ret

10000b2c <configure_io>:
10000b2c:	ff010113          	addi	sp,sp,-16
10000b30:	00112623          	sw	ra,12(sp)
10000b34:	00812423          	sw	s0,8(sp)
10000b38:	01010413          	addi	s0,sp,16
10000b3c:	260007b7          	lui	a5,0x26000
10000b40:	02478793          	addi	a5,a5,36 # 26000024 <_erodata+0x15ffee24>
10000b44:	00b00713          	li	a4,11
10000b48:	00e7a023          	sw	a4,0(a5)
10000b4c:	260007b7          	lui	a5,0x26000
10000b50:	02878793          	addi	a5,a5,40 # 26000028 <_erodata+0x15ffee28>
10000b54:	00002737          	lui	a4,0x2
10000b58:	80970713          	addi	a4,a4,-2039 # 1809 <_fstack+0x1409>
10000b5c:	00e7a023          	sw	a4,0(a5)
10000b60:	260007b7          	lui	a5,0x26000
10000b64:	02c78793          	addi	a5,a5,44 # 2600002c <_erodata+0x15ffee2c>
10000b68:	40300713          	li	a4,1027
10000b6c:	00e7a023          	sw	a4,0(a5)
10000b70:	260007b7          	lui	a5,0x26000
10000b74:	03078793          	addi	a5,a5,48 # 26000030 <_erodata+0x15ffee30>
10000b78:	40300713          	li	a4,1027
10000b7c:	00e7a023          	sw	a4,0(a5)
10000b80:	260007b7          	lui	a5,0x26000
10000b84:	03478793          	addi	a5,a5,52 # 26000034 <_erodata+0x15ffee34>
10000b88:	40300713          	li	a4,1027
10000b8c:	00e7a023          	sw	a4,0(a5)
10000b90:	260007b7          	lui	a5,0x26000
10000b94:	03878793          	addi	a5,a5,56 # 26000038 <_erodata+0x15ffee38>
10000b98:	40300713          	li	a4,1027
10000b9c:	00e7a023          	sw	a4,0(a5)
10000ba0:	260007b7          	lui	a5,0x26000
10000ba4:	03c78793          	addi	a5,a5,60 # 2600003c <_erodata+0x15ffee3c>
10000ba8:	00002737          	lui	a4,0x2
10000bac:	80970713          	addi	a4,a4,-2039 # 1809 <_fstack+0x1409>
10000bb0:	00e7a023          	sw	a4,0(a5)
10000bb4:	260007b7          	lui	a5,0x26000
10000bb8:	04078793          	addi	a5,a5,64 # 26000040 <_erodata+0x15ffee40>
10000bbc:	40200713          	li	a4,1026
10000bc0:	00e7a023          	sw	a4,0(a5)
10000bc4:	260007b7          	lui	a5,0x26000
10000bc8:	04478793          	addi	a5,a5,68 # 26000044 <_erodata+0x15ffee44>
10000bcc:	40200713          	li	a4,1026
10000bd0:	00e7a023          	sw	a4,0(a5)
10000bd4:	260007b7          	lui	a5,0x26000
10000bd8:	04878793          	addi	a5,a5,72 # 26000048 <_erodata+0x15ffee48>
10000bdc:	40200713          	li	a4,1026
10000be0:	00e7a023          	sw	a4,0(a5)
10000be4:	260007b7          	lui	a5,0x26000
10000be8:	04c78793          	addi	a5,a5,76 # 2600004c <_erodata+0x15ffee4c>
10000bec:	40200713          	li	a4,1026
10000bf0:	00e7a023          	sw	a4,0(a5)
10000bf4:	260007b7          	lui	a5,0x26000
10000bf8:	05078793          	addi	a5,a5,80 # 26000050 <_erodata+0x15ffee50>
10000bfc:	40200713          	li	a4,1026
10000c00:	00e7a023          	sw	a4,0(a5)
10000c04:	260007b7          	lui	a5,0x26000
10000c08:	05478793          	addi	a5,a5,84 # 26000054 <_erodata+0x15ffee54>
10000c0c:	40200713          	li	a4,1026
10000c10:	00e7a023          	sw	a4,0(a5)
10000c14:	260007b7          	lui	a5,0x26000
10000c18:	05878793          	addi	a5,a5,88 # 26000058 <_erodata+0x15ffee58>
10000c1c:	40200713          	li	a4,1026
10000c20:	00e7a023          	sw	a4,0(a5)
10000c24:	260007b7          	lui	a5,0x26000
10000c28:	05c78793          	addi	a5,a5,92 # 2600005c <_erodata+0x15ffee5c>
10000c2c:	40200713          	li	a4,1026
10000c30:	00e7a023          	sw	a4,0(a5)
10000c34:	260007b7          	lui	a5,0x26000
10000c38:	06078793          	addi	a5,a5,96 # 26000060 <_erodata+0x15ffee60>
10000c3c:	40200713          	li	a4,1026
10000c40:	00e7a023          	sw	a4,0(a5)
10000c44:	260007b7          	lui	a5,0x26000
10000c48:	06478793          	addi	a5,a5,100 # 26000064 <_erodata+0x15ffee64>
10000c4c:	40200713          	li	a4,1026
10000c50:	00e7a023          	sw	a4,0(a5)
10000c54:	260007b7          	lui	a5,0x26000
10000c58:	06878793          	addi	a5,a5,104 # 26000068 <_erodata+0x15ffee68>
10000c5c:	40200713          	li	a4,1026
10000c60:	00e7a023          	sw	a4,0(a5)
10000c64:	260007b7          	lui	a5,0x26000
10000c68:	06c78793          	addi	a5,a5,108 # 2600006c <_erodata+0x15ffee6c>
10000c6c:	40200713          	li	a4,1026
10000c70:	00e7a023          	sw	a4,0(a5)
10000c74:	260007b7          	lui	a5,0x26000
10000c78:	07078793          	addi	a5,a5,112 # 26000070 <_erodata+0x15ffee70>
10000c7c:	40200713          	li	a4,1026
10000c80:	00e7a023          	sw	a4,0(a5)
10000c84:	260007b7          	lui	a5,0x26000
10000c88:	07478793          	addi	a5,a5,116 # 26000074 <_erodata+0x15ffee74>
10000c8c:	40200713          	li	a4,1026
10000c90:	00e7a023          	sw	a4,0(a5)
10000c94:	260007b7          	lui	a5,0x26000
10000c98:	07878793          	addi	a5,a5,120 # 26000078 <_erodata+0x15ffee78>
10000c9c:	40200713          	li	a4,1026
10000ca0:	00e7a023          	sw	a4,0(a5)
10000ca4:	260007b7          	lui	a5,0x26000
10000ca8:	07c78793          	addi	a5,a5,124 # 2600007c <_erodata+0x15ffee7c>
10000cac:	40200713          	li	a4,1026
10000cb0:	00e7a023          	sw	a4,0(a5)
10000cb4:	260007b7          	lui	a5,0x26000
10000cb8:	08078793          	addi	a5,a5,128 # 26000080 <_erodata+0x15ffee80>
10000cbc:	40200713          	li	a4,1026
10000cc0:	00e7a023          	sw	a4,0(a5)
10000cc4:	260007b7          	lui	a5,0x26000
10000cc8:	08478793          	addi	a5,a5,132 # 26000084 <_erodata+0x15ffee84>
10000ccc:	40200713          	li	a4,1026
10000cd0:	00e7a023          	sw	a4,0(a5)
10000cd4:	260007b7          	lui	a5,0x26000
10000cd8:	08878793          	addi	a5,a5,136 # 26000088 <_erodata+0x15ffee88>
10000cdc:	40200713          	li	a4,1026
10000ce0:	00e7a023          	sw	a4,0(a5)
10000ce4:	260007b7          	lui	a5,0x26000
10000ce8:	08c78793          	addi	a5,a5,140 # 2600008c <_erodata+0x15ffee8c>
10000cec:	40200713          	li	a4,1026
10000cf0:	00e7a023          	sw	a4,0(a5)
10000cf4:	260007b7          	lui	a5,0x26000
10000cf8:	09078793          	addi	a5,a5,144 # 26000090 <_erodata+0x15ffee90>
10000cfc:	40200713          	li	a4,1026
10000d00:	00e7a023          	sw	a4,0(a5)
10000d04:	260007b7          	lui	a5,0x26000
10000d08:	09478793          	addi	a5,a5,148 # 26000094 <_erodata+0x15ffee94>
10000d0c:	40200713          	li	a4,1026
10000d10:	00e7a023          	sw	a4,0(a5)
10000d14:	260007b7          	lui	a5,0x26000
10000d18:	09878793          	addi	a5,a5,152 # 26000098 <_erodata+0x15ffee98>
10000d1c:	40200713          	li	a4,1026
10000d20:	00e7a023          	sw	a4,0(a5)
10000d24:	260007b7          	lui	a5,0x26000
10000d28:	09c78793          	addi	a5,a5,156 # 2600009c <_erodata+0x15ffee9c>
10000d2c:	40200713          	li	a4,1026
10000d30:	00e7a023          	sw	a4,0(a5)
10000d34:	260007b7          	lui	a5,0x26000
10000d38:	0a078793          	addi	a5,a5,160 # 260000a0 <_erodata+0x15ffeea0>
10000d3c:	40200713          	li	a4,1026
10000d40:	00e7a023          	sw	a4,0(a5)
10000d44:	260007b7          	lui	a5,0x26000
10000d48:	0a478793          	addi	a5,a5,164 # 260000a4 <_erodata+0x15ffeea4>
10000d4c:	40200713          	li	a4,1026
10000d50:	00e7a023          	sw	a4,0(a5)
10000d54:	260007b7          	lui	a5,0x26000
10000d58:	0a878793          	addi	a5,a5,168 # 260000a8 <_erodata+0x15ffeea8>
10000d5c:	40200713          	li	a4,1026
10000d60:	00e7a023          	sw	a4,0(a5)
10000d64:	260007b7          	lui	a5,0x26000
10000d68:	0ac78793          	addi	a5,a5,172 # 260000ac <_erodata+0x15ffeeac>
10000d6c:	40200713          	li	a4,1026
10000d70:	00e7a023          	sw	a4,0(a5)
10000d74:	260007b7          	lui	a5,0x26000
10000d78:	0b078793          	addi	a5,a5,176 # 260000b0 <_erodata+0x15ffeeb0>
10000d7c:	40200713          	li	a4,1026
10000d80:	00e7a023          	sw	a4,0(a5)
10000d84:	260007b7          	lui	a5,0x26000
10000d88:	0b478793          	addi	a5,a5,180 # 260000b4 <_erodata+0x15ffeeb4>
10000d8c:	40200713          	li	a4,1026
10000d90:	00e7a023          	sw	a4,0(a5)
10000d94:	260007b7          	lui	a5,0x26000
10000d98:	0b878793          	addi	a5,a5,184 # 260000b8 <_erodata+0x15ffeeb8>
10000d9c:	40200713          	li	a4,1026
10000da0:	00e7a023          	sw	a4,0(a5)
10000da4:	260007b7          	lui	a5,0x26000
10000da8:	00100713          	li	a4,1
10000dac:	00e7a023          	sw	a4,0(a5) # 26000000 <_erodata+0x15ffee00>
10000db0:	00000013          	nop
10000db4:	260007b7          	lui	a5,0x26000
10000db8:	0007a703          	lw	a4,0(a5) # 26000000 <_erodata+0x15ffee00>
10000dbc:	00100793          	li	a5,1
10000dc0:	fef70ae3          	beq	a4,a5,10000db4 <configure_io+0x288>
10000dc4:	00000013          	nop
10000dc8:	00000013          	nop
10000dcc:	00c12083          	lw	ra,12(sp)
10000dd0:	00812403          	lw	s0,8(sp)
10000dd4:	01010113          	addi	sp,sp,16
10000dd8:	00008067          	ret

10000ddc <main>:
10000ddc:	fe010113          	addi	sp,sp,-32
10000de0:	00112e23          	sw	ra,28(sp)
10000de4:	00812c23          	sw	s0,24(sp)
10000de8:	02010413          	addi	s0,sp,32
10000dec:	f00037b7          	lui	a5,0xf0003
10000df0:	80078793          	addi	a5,a5,-2048 # f0002800 <_erodata+0xe0001600>
10000df4:	00100713          	li	a4,1
10000df8:	00e7a023          	sw	a4,0(a5)
10000dfc:	f00037b7          	lui	a5,0xf0003
10000e00:	80478793          	addi	a5,a5,-2044 # f0002804 <_erodata+0xe0001604>
10000e04:	0007a023          	sw	zero,0(a5)
10000e08:	f00037b7          	lui	a5,0xf0003
10000e0c:	80878793          	addi	a5,a5,-2040 # f0002808 <_erodata+0xe0001608>
10000e10:	00100713          	li	a4,1
10000e14:	00e7a023          	sw	a4,0(a5)
10000e18:	f00037b7          	lui	a5,0xf0003
10000e1c:	80c78793          	addi	a5,a5,-2036 # f000280c <_erodata+0xe000160c>
10000e20:	00100713          	li	a4,1
10000e24:	00e7a023          	sw	a4,0(a5)
10000e28:	f00037b7          	lui	a5,0xf0003
10000e2c:	81478793          	addi	a5,a5,-2028 # f0002814 <_erodata+0xe0001614>
10000e30:	0007a023          	sw	zero,0(a5)
10000e34:	cf9ff0ef          	jal	10000b2c <configure_io>
10000e38:	f00067b7          	lui	a5,0xf0006
10000e3c:	00100713          	li	a4,1
10000e40:	00e7a023          	sw	a4,0(a5) # f0006000 <_erodata+0xe0004e00>
10000e44:	100017b7          	lui	a5,0x10001
10000e48:	03078513          	addi	a0,a5,48 # 10001030 <_etext+0x30>
10000e4c:	c64ff0ef          	jal	100002b0 <print>
10000e50:	f00047b7          	lui	a5,0xf0004
10000e54:	80078793          	addi	a5,a5,-2048 # f0003800 <_erodata+0xe0002600>
10000e58:	00100713          	li	a4,1
10000e5c:	00e7a023          	sw	a4,0(a5)
10000e60:	3e800513          	li	a0,1000
10000e64:	b75ff0ef          	jal	100009d8 <wait_cycles>
10000e68:	f00037b7          	lui	a5,0xf0003
10000e6c:	81478793          	addi	a5,a5,-2028 # f0002814 <_erodata+0xe0001614>
10000e70:	00100713          	li	a4,1
10000e74:	00e7a023          	sw	a4,0(a5)
10000e78:	100017b7          	lui	a5,0x10001
10000e7c:	05078513          	addi	a0,a5,80 # 10001050 <_etext+0x50>
10000e80:	c30ff0ef          	jal	100002b0 <print>
10000e84:	100017b7          	lui	a5,0x10001
10000e88:	07078513          	addi	a0,a5,112 # 10001070 <_etext+0x70>
10000e8c:	c24ff0ef          	jal	100002b0 <print>
10000e90:	300007b7          	lui	a5,0x30000
10000e94:	00478793          	addi	a5,a5,4 # 30000004 <_erodata+0x1fffee04>
10000e98:	00036737          	lui	a4,0x36
10000e9c:	47270713          	addi	a4,a4,1138 # 36472 <_fstack+0x36072>
10000ea0:	00e7a023          	sw	a4,0(a5)
10000ea4:	1f400513          	li	a0,500
10000ea8:	b31ff0ef          	jal	100009d8 <wait_cycles>
10000eac:	100017b7          	lui	a5,0x10001
10000eb0:	0a078513          	addi	a0,a5,160 # 100010a0 <_etext+0xa0>
10000eb4:	bfcff0ef          	jal	100002b0 <print>
10000eb8:	300007b7          	lui	a5,0x30000
10000ebc:	00478793          	addi	a5,a5,4 # 30000004 <_erodata+0x1fffee04>
10000ec0:	462b0737          	lui	a4,0x462b0
10000ec4:	00b70713          	addi	a4,a4,11 # 462b000b <_erodata+0x362aee0b>
10000ec8:	00e7a023          	sw	a4,0(a5)
10000ecc:	1f400513          	li	a0,500
10000ed0:	b09ff0ef          	jal	100009d8 <wait_cycles>
10000ed4:	100017b7          	lui	a5,0x10001
10000ed8:	0d078513          	addi	a0,a5,208 # 100010d0 <_etext+0xd0>
10000edc:	bd4ff0ef          	jal	100002b0 <print>
10000ee0:	300007b7          	lui	a5,0x30000
10000ee4:	00478793          	addi	a5,a5,4 # 30000004 <_erodata+0x1fffee04>
10000ee8:	44001737          	lui	a4,0x44001
10000eec:	40570713          	addi	a4,a4,1029 # 44001405 <_erodata+0x34000205>
10000ef0:	00e7a023          	sw	a4,0(a5)
10000ef4:	1f400513          	li	a0,500
10000ef8:	ae1ff0ef          	jal	100009d8 <wait_cycles>
10000efc:	100017b7          	lui	a5,0x10001
10000f00:	10078513          	addi	a0,a5,256 # 10001100 <_etext+0x100>
10000f04:	bacff0ef          	jal	100002b0 <print>
10000f08:	300007b7          	lui	a5,0x30000
10000f0c:	00478793          	addi	a5,a5,4 # 30000004 <_erodata+0x1fffee04>
10000f10:	d0089737          	lui	a4,0xd0089
10000f14:	8a270713          	addi	a4,a4,-1886 # d00888a2 <_erodata+0xc00876a2>
10000f18:	00e7a023          	sw	a4,0(a5)
10000f1c:	1f400513          	li	a0,500
10000f20:	ab9ff0ef          	jal	100009d8 <wait_cycles>
10000f24:	100017b7          	lui	a5,0x10001
10000f28:	13478513          	addi	a0,a5,308 # 10001134 <_etext+0x134>
10000f2c:	b84ff0ef          	jal	100002b0 <print>
10000f30:	300007b7          	lui	a5,0x30000
10000f34:	00478793          	addi	a5,a5,4 # 30000004 <_erodata+0x1fffee04>
10000f38:	50089737          	lui	a4,0x50089
10000f3c:	8ff70713          	addi	a4,a4,-1793 # 500888ff <_erodata+0x400876ff>
10000f40:	00e7a023          	sw	a4,0(a5)
10000f44:	38400513          	li	a0,900
10000f48:	a91ff0ef          	jal	100009d8 <wait_cycles>
10000f4c:	100017b7          	lui	a5,0x10001
10000f50:	16878513          	addi	a0,a5,360 # 10001168 <_etext+0x168>
10000f54:	b5cff0ef          	jal	100002b0 <print>
10000f58:	300007b7          	lui	a5,0x30000
10000f5c:	00478513          	addi	a0,a5,4 # 30000004 <_erodata+0x1fffee04>
10000f60:	b9dff0ef          	jal	10000afc <read_wishbone>
10000f64:	00050793          	mv	a5,a0
10000f68:	fef42623          	sw	a5,-20(s0)
10000f6c:	100017b7          	lui	a5,0x10001
10000f70:	19478513          	addi	a0,a5,404 # 10001194 <_etext+0x194>
10000f74:	b3cff0ef          	jal	100002b0 <print>
10000f78:	fec42783          	lw	a5,-20(s0)
10000f7c:	00078513          	mv	a0,a5
10000f80:	aa9ff0ef          	jal	10000a28 <print_hex32_local>
10000f84:	100017b7          	lui	a5,0x10001
10000f88:	1b478513          	addi	a0,a5,436 # 100011b4 <_etext+0x1b4>
10000f8c:	b24ff0ef          	jal	100002b0 <print>
10000f90:	03200513          	li	a0,50
10000f94:	a45ff0ef          	jal	100009d8 <wait_cycles>
10000f98:	f00037b7          	lui	a5,0xf0003
10000f9c:	81478793          	addi	a5,a5,-2028 # f0002814 <_erodata+0xe0001614>
10000fa0:	0007a023          	sw	zero,0(a5)
10000fa4:	100017b7          	lui	a5,0x10001
10000fa8:	1b878513          	addi	a0,a5,440 # 100011b8 <_etext+0x1b8>
10000fac:	b04ff0ef          	jal	100002b0 <print>
10000fb0:	000187b7          	lui	a5,0x18
10000fb4:	6a078513          	addi	a0,a5,1696 # 186a0 <_fstack+0x182a0>
10000fb8:	a21ff0ef          	jal	100009d8 <wait_cycles>
10000fbc:	ff5ff06f          	j	10000fb0 <main+0x1d4>
	...

Disassembly of section .rodata:

10001000 <_frodata>:
10001000:	3130                	.insn	2, 0x3130
10001002:	3332                	.insn	2, 0x3332
10001004:	3534                	.insn	2, 0x3534
10001006:	3736                	.insn	2, 0x3736
10001008:	3938                	.insn	2, 0x3938
1000100a:	6261                	.insn	2, 0x6261
1000100c:	66656463          	bltu	a0,t1,10001674 <_erodata+0x474>
10001010:	0000                	.insn	2, 0x0000
10001012:	0000                	.insn	2, 0x0000
10001014:	5245564f          	.insn	4, 0x5245564f
10001018:	0000                	.insn	2, 0x0000
1000101a:	0000                	.insn	2, 0x0000
1000101c:	3130                	.insn	2, 0x3130
1000101e:	3332                	.insn	2, 0x3332
10001020:	3534                	.insn	2, 0x3534
10001022:	3736                	.insn	2, 0x3736
10001024:	3938                	.insn	2, 0x3938
10001026:	4241                	.insn	2, 0x4241
10001028:	46454443          	.insn	4, 0x46454443
1000102c:	0000                	.insn	2, 0x0000
1000102e:	0000                	.insn	2, 0x0000
10001030:	5b0a                	.insn	2, 0x5b0a
10001032:	5f544553          	.insn	4, 0x5f544553
10001036:	4f4d                	.insn	2, 0x4f4d
10001038:	4544                	.insn	2, 0x4544
1000103a:	575f 5d42 6620      	.insn	6, 0x66205d42575f
10001040:	7269                	.insn	2, 0x7269
10001042:	776d                	.insn	2, 0x776d
10001044:	7261                	.insn	2, 0x7261
10001046:	2065                	.insn	2, 0x2065
10001048:	72617473          	csrrci	s0,mhpmevent6h,2
1000104c:	0a74                	.insn	2, 0x0a74
1000104e:	0000                	.insn	2, 0x0000
10001050:	5445535b          	.insn	4, 0x5445535b
10001054:	4d5f 444f 5f45      	.insn	6, 0x5f45444f4d5f
1000105a:	205d4257          	.insn	4, 0x205d4257
1000105e:	68736957          	.insn	4, 0x68736957
10001062:	6f62                	.insn	2, 0x6f62
10001064:	656e                	.insn	2, 0x656e
10001066:	6520                	.insn	2, 0x6520
10001068:	616e                	.insn	2, 0x616e
1000106a:	6c62                	.insn	2, 0x6c62
1000106c:	6465                	.insn	2, 0x6465
1000106e:	000a                	.insn	2, 0x000a
10001070:	5445535b          	.insn	4, 0x5445535b
10001074:	4d5f 444f 5f45      	.insn	6, 0x5f45444f4d5f
1000107a:	205d4257          	.insn	4, 0x205d4257
1000107e:	74697257          	.insn	4, 0x74697257
10001082:	6e69                	.insn	2, 0x6e69
10001084:	6f632067          	.insn	4, 0x6f632067
10001088:	6d6d                	.insn	2, 0x6d6d
1000108a:	6e61                	.insn	2, 0x6e61
1000108c:	2064                	.insn	2, 0x2064
1000108e:	3a31                	.insn	2, 0x3a31
10001090:	3020                	.insn	2, 0x3020
10001092:	3078                	.insn	2, 0x3078
10001094:	3030                	.insn	2, 0x3030
10001096:	37343633          	.insn	4, 0x37343633
1000109a:	0a32                	.insn	2, 0x0a32
1000109c:	0000                	.insn	2, 0x0000
1000109e:	0000                	.insn	2, 0x0000
100010a0:	5445535b          	.insn	4, 0x5445535b
100010a4:	4d5f 444f 5f45      	.insn	6, 0x5f45444f4d5f
100010aa:	205d4257          	.insn	4, 0x205d4257
100010ae:	74697257          	.insn	4, 0x74697257
100010b2:	6e69                	.insn	2, 0x6e69
100010b4:	6f632067          	.insn	4, 0x6f632067
100010b8:	6d6d                	.insn	2, 0x6d6d
100010ba:	6e61                	.insn	2, 0x6e61
100010bc:	2064                	.insn	2, 0x2064
100010be:	3a32                	.insn	2, 0x3a32
100010c0:	3020                	.insn	2, 0x3020
100010c2:	3478                	.insn	2, 0x3478
100010c4:	3236                	.insn	2, 0x3236
100010c6:	3042                	.insn	2, 0x3042
100010c8:	3030                	.insn	2, 0x3030
100010ca:	0a42                	.insn	2, 0x0a42
100010cc:	0000                	.insn	2, 0x0000
100010ce:	0000                	.insn	2, 0x0000
100010d0:	5445535b          	.insn	4, 0x5445535b
100010d4:	4d5f 444f 5f45      	.insn	6, 0x5f45444f4d5f
100010da:	205d4257          	.insn	4, 0x205d4257
100010de:	74697257          	.insn	4, 0x74697257
100010e2:	6e69                	.insn	2, 0x6e69
100010e4:	6f632067          	.insn	4, 0x6f632067
100010e8:	6d6d                	.insn	2, 0x6d6d
100010ea:	6e61                	.insn	2, 0x6e61
100010ec:	2064                	.insn	2, 0x2064
100010ee:	30203a33          	.insn	4, 0x30203a33
100010f2:	3478                	.insn	2, 0x3478
100010f4:	3034                	.insn	2, 0x3034
100010f6:	3130                	.insn	2, 0x3130
100010f8:	3034                	.insn	2, 0x3034
100010fa:	0a35                	.insn	2, 0x0a35
100010fc:	0000                	.insn	2, 0x0000
100010fe:	0000                	.insn	2, 0x0000
10001100:	5445535b          	.insn	4, 0x5445535b
10001104:	4d5f 444f 5f45      	.insn	6, 0x5f45444f4d5f
1000110a:	205d4257          	.insn	4, 0x205d4257
1000110e:	74697257          	.insn	4, 0x74697257
10001112:	6e69                	.insn	2, 0x6e69
10001114:	6f632067          	.insn	4, 0x6f632067
10001118:	6d6d                	.insn	2, 0x6d6d
1000111a:	6e61                	.insn	2, 0x6e61
1000111c:	2064                	.insn	2, 0x2064
1000111e:	2034                	.insn	2, 0x2034
10001120:	3a544553          	.insn	4, 0x3a544553
10001124:	3020                	.insn	2, 0x3020
10001126:	4478                	.insn	2, 0x4478
10001128:	3030                	.insn	2, 0x3030
1000112a:	3838                	.insn	2, 0x3838
1000112c:	4138                	.insn	2, 0x4138
1000112e:	0a32                	.insn	2, 0x0a32
10001130:	0000                	.insn	2, 0x0000
10001132:	0000                	.insn	2, 0x0000
10001134:	5445535b          	.insn	4, 0x5445535b
10001138:	4d5f 444f 5f45      	.insn	6, 0x5f45444f4d5f
1000113e:	205d4257          	.insn	4, 0x205d4257
10001142:	74697257          	.insn	4, 0x74697257
10001146:	6e69                	.insn	2, 0x6e69
10001148:	6f632067          	.insn	4, 0x6f632067
1000114c:	6d6d                	.insn	2, 0x6d6d
1000114e:	6e61                	.insn	2, 0x6e61
10001150:	2064                	.insn	2, 0x2064
10001152:	2035                	.insn	2, 0x2035
10001154:	4552                	.insn	2, 0x4552
10001156:	4441                	.insn	2, 0x4441
10001158:	203a                	.insn	2, 0x203a
1000115a:	7830                	.insn	2, 0x7830
1000115c:	3035                	.insn	2, 0x3035
1000115e:	3830                	.insn	2, 0x3830
10001160:	3838                	.insn	2, 0x3838
10001162:	4646                	.insn	2, 0x4646
10001164:	000a                	.insn	2, 0x000a
10001166:	0000                	.insn	2, 0x0000
10001168:	5445535b          	.insn	4, 0x5445535b
1000116c:	4d5f 444f 5f45      	.insn	6, 0x5f45444f4d5f
10001172:	205d4257          	.insn	4, 0x205d4257
10001176:	6552                	.insn	2, 0x6552
10001178:	6461                	.insn	2, 0x6461
1000117a:	6e69                	.insn	2, 0x6e69
1000117c:	61622067          	.insn	4, 0x61622067
10001180:	66206b63          	bltu	zero,sp,100017f6 <_erodata+0x5f6>
10001184:	6f72                	.insn	2, 0x6f72
10001186:	206d                	.insn	2, 0x206d
10001188:	7830                	.insn	2, 0x7830
1000118a:	30303033          	.insn	4, 0x30303033
1000118e:	3030                	.insn	2, 0x3030
10001190:	3430                	.insn	2, 0x3430
10001192:	000a                	.insn	2, 0x000a
10001194:	5445535b          	.insn	4, 0x5445535b
10001198:	4d5f 444f 5f45      	.insn	6, 0x5f45444f4d5f
1000119e:	205d4257          	.insn	4, 0x205d4257
100011a2:	6552                	.insn	2, 0x6552
100011a4:	6461                	.insn	2, 0x6461
100011a6:	6162                	.insn	2, 0x6162
100011a8:	76206b63          	bltu	zero,sp,1000191e <_erodata+0x71e>
100011ac:	6c61                	.insn	2, 0x6c61
100011ae:	6575                	.insn	2, 0x6575
100011b0:	3d20                	.insn	2, 0x3d20
100011b2:	0020                	.insn	2, 0x0020
100011b4:	000a                	.insn	2, 0x000a
100011b6:	0000                	.insn	2, 0x0000
100011b8:	5445535b          	.insn	4, 0x5445535b
100011bc:	4d5f 444f 5f45      	.insn	6, 0x5f45444f4d5f
100011c2:	205d4257          	.insn	4, 0x205d4257
100011c6:	6574                	.insn	2, 0x6574
100011c8:	66207473          	csrrci	s0,0x662,0
100011cc:	6e69                	.insn	2, 0x6e69
100011ce:	7369                	.insn	2, 0x7369
100011d0:	6568                	.insn	2, 0x6568
100011d2:	0a64                	.insn	2, 0x0a64
	...

Disassembly of section .riscv.attributes:

00000000 <.riscv.attributes>:
   0:	2841                	.insn	2, 0x2841
   2:	0000                	.insn	2, 0x0000
   4:	7200                	.insn	2, 0x7200
   6:	7369                	.insn	2, 0x7369
   8:	01007663          	bgeu	zero,a6,14 <_ebss+0xc>
   c:	001e                	.insn	2, 0x001e
   e:	0000                	.insn	2, 0x0000
  10:	1004                	.insn	2, 0x1004
  12:	7205                	.insn	2, 0x7205
  14:	3376                	.insn	2, 0x3376
  16:	6932                	.insn	2, 0x6932
  18:	7032                	.insn	2, 0x7032
  1a:	5f31                	.insn	2, 0x5f31
  1c:	697a                	.insn	2, 0x697a
  1e:	32727363          	bgeu	tp,t2,344 <_ebss+0x33c>
  22:	3070                	.insn	2, 0x3070
  24:	0800                	.insn	2, 0x0800
  26:	0a01                	.insn	2, 0x0a01
  28:	0b                	.byte	0x0b

Disassembly of section .comment:

00000000 <.comment>:
   0:	3a434347          	.insn	4, 0x3a434347
   4:	2820                	.insn	2, 0x2820
   6:	3431                	.insn	2, 0x3431
   8:	322e                	.insn	2, 0x322e
   a:	302e                	.insn	2, 0x302e
   c:	2939312b          	.insn	4, 0x2939312b
  10:	3120                	.insn	2, 0x3120
  12:	2e34                	.insn	2, 0x2e34
  14:	2e32                	.insn	2, 0x2e32
  16:	0030                	.insn	2, 0x0030
